{
  "RSpec": {
    "coverage": {
      "/home/samutamm/WEB/RubyOnRails/ratebeer/app/models/style.rb": [
        1,
        1,
        null,
        1,
        6,
        null,
        null
      ],
      "/home/samutamm/WEB/RubyOnRails/ratebeer/app/models/beer_club.rb": [
        1,
        1,
        1,
        null,
        1,
        0,
        null,
        null
      ],
      "/home/samutamm/WEB/RubyOnRails/ratebeer/app/models/rating.rb": [
        1,
        1,
        1,
        null,
        1,
        null,
        null,
        null,
        3,
        null,
        1,
        1,
        null,
        null
      ],
      "/home/samutamm/WEB/RubyOnRails/ratebeer/app/models/brewery.rb": [
        1,
        1,
        null,
        1,
        1,
        null,
        1,
        1,
        null,
        1,
        null,
        9,
        9,
        null,
        1,
        49,
        0,
        null,
        null,
        null,
        1,
        6,
        2,
        null,
        null,
        1,
        0,
        0,
        null,
        null
      ],
      "/home/samutamm/WEB/RubyOnRails/ratebeer/lib/rating_average.rb": [
        1,
        1,
        null,
        1,
        31,
        21,
        null,
        null
      ],
      "/home/samutamm/WEB/RubyOnRails/ratebeer/app/models/place.rb": [
        1,
        1,
        null,
        1,
        null,
        1,
        5,
        null,
        null
      ],
      "/home/samutamm/WEB/RubyOnRails/ratebeer/app/helpers/application_helper.rb": [
        1,
        null
      ],
      "/home/samutamm/WEB/RubyOnRails/ratebeer/app/helpers/beer_clubs_helper.rb": [
        1,
        null
      ],
      "/home/samutamm/WEB/RubyOnRails/ratebeer/app/helpers/beers_helper.rb": [
        1,
        null
      ],
      "/home/samutamm/WEB/RubyOnRails/ratebeer/app/helpers/breweries_helper.rb": [
        1,
        null
      ],
      "/home/samutamm/WEB/RubyOnRails/ratebeer/app/helpers/styles_helper.rb": [
        1,
        null
      ],
      "/home/samutamm/WEB/RubyOnRails/ratebeer/app/helpers/users_helper.rb": [
        1,
        null
      ],
      "/home/samutamm/WEB/RubyOnRails/ratebeer/app/controllers/beer_clubs_controller.rb": [
        1,
        1,
        1,
        null,
        null,
        null,
        1,
        10,
        null,
        null,
        null,
        null,
        1,
        4,
        4,
        0,
        0,
        0,
        null,
        null,
        null,
        4,
        4,
        null,
        null,
        null,
        null,
        null,
        1,
        0,
        null,
        null,
        null,
        1,
        null,
        null,
        null,
        null,
        1,
        0,
        null,
        0,
        0,
        0,
        0,
        null,
        0,
        0,
        null,
        null,
        null,
        null,
        null,
        null,
        1,
        1,
        1,
        2,
        1,
        null,
        0,
        0,
        null,
        null,
        null,
        null,
        null,
        null,
        1,
        1,
        1,
        2,
        1,
        null,
        null,
        null,
        1,
        null,
        1,
        7,
        null,
        null,
        null,
        1,
        1,
        null,
        null
      ],
      "/home/samutamm/WEB/RubyOnRails/ratebeer/app/controllers/application_controller.rb": [
        1,
        null,
        null,
        1,
        null,
        null,
        1,
        null,
        1,
        289,
        250,
        null,
        null,
        1,
        16,
        null,
        null
      ],
      "/home/samutamm/WEB/RubyOnRails/ratebeer/app/models/beer.rb": [
        1,
        1,
        null,
        1,
        1,
        1,
        1,
        null,
        1,
        null,
        1,
        0,
        0,
        null,
        null,
        1,
        2,
        null,
        null
      ],
      "/home/samutamm/WEB/RubyOnRails/ratebeer/app/models/user.rb": [
        1,
        1,
        null,
        1,
        null,
        1,
        1,
        1,
        1,
        null,
        1,
        1,
        null,
        1,
        null,
        1,
        1,
        null,
        null,
        1,
        0,
        0,
        null,
        null,
        1,
        3,
        9,
        null,
        null,
        1,
        8,
        8,
        8,
        8,
        8,
        8,
        8,
        null,
        null,
        8,
        null,
        null,
        1,
        13,
        13,
        13,
        13,
        13,
        13,
        13,
        null,
        null,
        13,
        null,
        null,
        1,
        1,
        8,
        null,
        null,
        1,
        13,
        null,
        null,
        1,
        45,
        null,
        1,
        16,
        null,
        1,
        26,
        null,
        null
      ],
      "/home/samutamm/WEB/RubyOnRails/ratebeer/app/controllers/sessions_controller.rb": [
        1,
        1,
        null,
        null,
        null,
        1,
        20,
        null,
        20,
        19,
        19,
        19,
        null,
        1,
        null,
        null,
        null,
        1,
        null,
        0,
        null,
        0,
        null,
        null
      ],
      "/home/samutamm/WEB/RubyOnRails/ratebeer/app/controllers/users_controller.rb": [
        1,
        1,
        1,
        null,
        null,
        1,
        0,
        null,
        null,
        null,
        null,
        1,
        null,
        null,
        null,
        1,
        1,
        null,
        null,
        null,
        1,
        null,
        null,
        null,
        null,
        1,
        1,
        null,
        1,
        1,
        2,
        1,
        null,
        0,
        0,
        null,
        null,
        null,
        null,
        null,
        null,
        1,
        0,
        0,
        0,
        0,
        null,
        0,
        0,
        null,
        null,
        null,
        null,
        null,
        null,
        1,
        0,
        0,
        null,
        0,
        null,
        0,
        null,
        0,
        0,
        0,
        null,
        null,
        null,
        1,
        null,
        1,
        25,
        null,
        null,
        null,
        1,
        1,
        null,
        null
      ],
      "/home/samutamm/WEB/RubyOnRails/ratebeer/app/models/membership.rb": [
        1,
        1,
        1,
        null
      ],
      "/home/samutamm/WEB/RubyOnRails/ratebeer/app/controllers/beers_controller.rb": [
        1,
        1,
        1,
        null,
        null,
        null,
        1,
        1,
        null,
        null,
        null,
        null,
        1,
        0,
        0,
        null,
        null,
        null,
        1,
        4,
        4,
        null,
        null,
        null,
        1,
        0,
        null,
        null,
        null,
        null,
        1,
        2,
        null,
        2,
        2,
        2,
        1,
        null,
        2,
        1,
        1,
        null,
        null,
        null,
        null,
        null,
        null,
        1,
        0,
        0,
        0,
        0,
        null,
        0,
        0,
        null,
        null,
        null,
        null,
        null,
        null,
        1,
        0,
        0,
        0,
        0,
        null,
        null,
        null,
        1,
        null,
        1,
        0,
        null,
        null,
        1,
        5,
        5,
        null,
        null,
        null,
        1,
        2,
        null,
        null
      ],
      "/home/samutamm/WEB/RubyOnRails/ratebeer/app/controllers/breweries_controller.rb": [
        1,
        1,
        1,
        null,
        null,
        null,
        1,
        8,
        8,
        null,
        null,
        null,
        null,
        1,
        null,
        null,
        null,
        1,
        2,
        null,
        null,
        null,
        1,
        null,
        null,
        null,
        null,
        1,
        2,
        null,
        2,
        2,
        2,
        1,
        null,
        2,
        1,
        null,
        null,
        null,
        null,
        null,
        null,
        1,
        0,
        0,
        0,
        0,
        null,
        0,
        0,
        null,
        null,
        null,
        null,
        null,
        null,
        1,
        0,
        0,
        0,
        0,
        null,
        null,
        null,
        1,
        null,
        1,
        1,
        null,
        null,
        null,
        1,
        2,
        null,
        null,
        1,
        0,
        null,
        0,
        0,
        null,
        null,
        null
      ],
      "/home/samutamm/WEB/RubyOnRails/ratebeer/lib/beermapping_api.rb": [
        1,
        null,
        1,
        5,
        9,
        null,
        5,
        null,
        null,
        1,
        null,
        4,
        null,
        4,
        4,
        null,
        4,
        null,
        3,
        3,
        5,
        null,
        null,
        null,
        1,
        4,
        null,
        null,
        null,
        null
      ],
      "/home/samutamm/WEB/RubyOnRails/ratebeer/app/controllers/places_controller.rb": [
        1,
        1,
        null,
        null,
        null,
        1,
        4,
        4,
        1,
        null,
        3,
        3,
        1,
        null,
        2,
        2,
        2,
        null,
        null,
        null,
        null,
        1,
        0,
        0,
        0,
        0,
        0,
        0,
        null,
        null,
        null,
        null
      ],
      "/home/samutamm/WEB/RubyOnRails/ratebeer/app/controllers/ratings_controller.rb": [
        1,
        1,
        null,
        1,
        2,
        null,
        null,
        1,
        1,
        1,
        null,
        null,
        1,
        1,
        1,
        null,
        1,
        1,
        1,
        null,
        0,
        0,
        null,
        null,
        null,
        1,
        1,
        1,
        1,
        null,
        null,
        null
      ]
    },
    "timestamp": 1424014060
  }
}
