{
  "RSpec": {
    "coverage": {
      "/home/samutamm/WEB/RubyOnRails/ratebeer/app/models/beer_club.rb": [
        1,
        1,
        1,
        null,
        1,
        0,
        null,
        null
      ],
      "/home/samutamm/WEB/RubyOnRails/ratebeer/app/models/rating.rb": [
        1,
        1,
        1,
        null,
        1,
        null,
        null,
        null,
        1,
        1,
        null,
        null
      ],
      "/home/samutamm/WEB/RubyOnRails/ratebeer/app/models/brewery.rb": [
        1,
        1,
        null,
        1,
        1,
        null,
        1,
        1,
        null,
        1,
        null,
        1,
        31,
        0,
        null,
        null,
        null,
        1,
        0,
        0,
        0,
        null,
        null,
        1,
        0,
        0,
        null,
        null
      ],
      "/home/samutamm/WEB/RubyOnRails/ratebeer/app/models/concerns/rating_average.rb": [
        1,
        1,
        null,
        1,
        18,
        15,
        null,
        null,
        null
      ],
      "/home/samutamm/WEB/RubyOnRails/ratebeer/app/helpers/application_helper.rb": [
        1,
        null
      ],
      "/home/samutamm/WEB/RubyOnRails/ratebeer/app/helpers/beer_clubs_helper.rb": [
        1,
        null
      ],
      "/home/samutamm/WEB/RubyOnRails/ratebeer/app/helpers/beers_helper.rb": [
        1,
        null
      ],
      "/home/samutamm/WEB/RubyOnRails/ratebeer/app/helpers/breweries_helper.rb": [
        1,
        null
      ],
      "/home/samutamm/WEB/RubyOnRails/ratebeer/app/helpers/users_helper.rb": [
        1,
        null
      ],
      "/home/samutamm/WEB/RubyOnRails/ratebeer/app/controllers/beer_clubs_controller.rb": [
        1,
        1,
        1,
        null,
        null,
        null,
        1,
        3,
        null,
        null,
        null,
        null,
        1,
        null,
        null,
        null,
        1,
        0,
        null,
        null,
        null,
        1,
        null,
        null,
        null,
        null,
        1,
        0,
        null,
        0,
        0,
        0,
        0,
        null,
        0,
        0,
        null,
        null,
        null,
        null,
        null,
        null,
        1,
        0,
        0,
        0,
        0,
        null,
        0,
        0,
        null,
        null,
        null,
        null,
        null,
        null,
        1,
        0,
        0,
        0,
        0,
        null,
        null,
        null,
        1,
        null,
        1,
        0,
        null,
        null,
        null,
        1,
        0,
        null,
        null
      ],
      "/home/samutamm/WEB/RubyOnRails/ratebeer/app/controllers/application_controller.rb": [
        1,
        null,
        null,
        1,
        null,
        null,
        1,
        null,
        1,
        129,
        101,
        null,
        null,
        1,
        8,
        null,
        null
      ],
      "/home/samutamm/WEB/RubyOnRails/ratebeer/app/models/beer.rb": [
        1,
        1,
        null,
        1,
        1,
        1,
        null,
        1,
        null,
        1,
        3,
        null,
        null
      ],
      "/home/samutamm/WEB/RubyOnRails/ratebeer/app/models/user.rb": [
        1,
        1,
        null,
        1,
        null,
        1,
        1,
        1,
        1,
        null,
        1,
        1,
        null,
        1,
        null,
        1,
        1,
        null,
        null,
        1,
        3,
        9,
        null,
        null,
        1,
        8,
        8,
        8,
        8,
        8,
        8,
        8,
        null,
        null,
        8,
        null,
        null,
        1,
        13,
        13,
        13,
        13,
        13,
        13,
        13,
        null,
        null,
        13,
        null,
        null,
        1,
        1,
        8,
        null,
        null,
        1,
        13,
        null,
        null,
        1,
        45,
        null,
        1,
        16,
        null,
        1,
        26,
        null,
        null
      ],
      "/home/samutamm/WEB/RubyOnRails/ratebeer/app/controllers/sessions_controller.rb": [
        1,
        1,
        null,
        null,
        null,
        1,
        11,
        null,
        11,
        10,
        10,
        10,
        null,
        1,
        null,
        null,
        null,
        1,
        null,
        0,
        null,
        0,
        null,
        null
      ],
      "/home/samutamm/WEB/RubyOnRails/ratebeer/app/controllers/users_controller.rb": [
        1,
        1,
        1,
        null,
        null,
        1,
        0,
        null,
        null,
        null,
        null,
        1,
        null,
        null,
        null,
        1,
        1,
        null,
        null,
        null,
        1,
        null,
        null,
        null,
        null,
        1,
        1,
        null,
        1,
        1,
        2,
        1,
        null,
        0,
        0,
        null,
        null,
        null,
        null,
        null,
        null,
        1,
        0,
        0,
        0,
        0,
        null,
        0,
        0,
        null,
        null,
        null,
        null,
        null,
        null,
        1,
        0,
        0,
        null,
        0,
        null,
        0,
        null,
        0,
        0,
        0,
        null,
        null,
        null,
        1,
        null,
        1,
        16,
        null,
        null,
        null,
        1,
        1,
        null,
        null
      ],
      "/home/samutamm/WEB/RubyOnRails/ratebeer/app/models/membership.rb": [
        1,
        1,
        1,
        null
      ],
      "/home/samutamm/WEB/RubyOnRails/ratebeer/app/controllers/beers_controller.rb": [
        1,
        1,
        1,
        null,
        null,
        null,
        1,
        1,
        null,
        null,
        null,
        null,
        1,
        null,
        null,
        null,
        1,
        3,
        3,
        null,
        null,
        null,
        1,
        0,
        null,
        null,
        null,
        null,
        1,
        2,
        null,
        2,
        2,
        2,
        1,
        null,
        2,
        1,
        1,
        null,
        null,
        null,
        null,
        null,
        null,
        1,
        0,
        0,
        0,
        0,
        null,
        0,
        0,
        null,
        null,
        null,
        null,
        null,
        null,
        1,
        0,
        0,
        0,
        0,
        null,
        null,
        null,
        1,
        null,
        1,
        0,
        null,
        null,
        1,
        4,
        4,
        null,
        null,
        null,
        1,
        2,
        null,
        null
      ],
      "/home/samutamm/WEB/RubyOnRails/ratebeer/app/controllers/breweries_controller.rb": [
        1,
        1,
        1,
        null,
        null,
        null,
        1,
        3,
        null,
        null,
        null,
        null,
        1,
        null,
        null,
        null,
        1,
        0,
        null,
        null,
        null,
        1,
        null,
        null,
        null,
        null,
        1,
        0,
        null,
        0,
        0,
        0,
        0,
        null,
        0,
        0,
        null,
        null,
        null,
        null,
        null,
        null,
        1,
        0,
        0,
        0,
        0,
        null,
        0,
        0,
        null,
        null,
        null,
        null,
        null,
        null,
        1,
        0,
        0,
        0,
        0,
        null,
        null,
        null,
        1,
        null,
        1,
        1,
        null,
        null,
        null,
        1,
        0,
        null,
        null,
        1,
        0,
        null,
        0,
        0,
        null,
        null,
        null
      ],
      "/home/samutamm/WEB/RubyOnRails/ratebeer/app/controllers/ratings_controller.rb": [
        1,
        1,
        null,
        1,
        2,
        null,
        null,
        1,
        1,
        1,
        null,
        null,
        1,
        null,
        1,
        null,
        1,
        1,
        1,
        null,
        0,
        0,
        null,
        null,
        null,
        1,
        1,
        1,
        1,
        null,
        null,
        null
      ]
    },
    "timestamp": 1423079873
  }
}
